<?xml version="1.0" encoding="UTF-8"?>
<!-- Generated by org.testng.reporters.JUnitXMLReporter -->
<testsuite hostname="Home-PC" ignored="1" name="Test" tests="17" failures="3" timestamp="31 Oct 2018 07:50:18 GMT" time="103.033" errors="0">
  <testcase name="LoginTest" time="9.372" classname="com.practice.testcases.LoginPageTest"/>
  <testcase name="verifyHomePageTitle" time="0.015" classname="com.practice.testcases.LoginPageTest">
    <failure type="java.lang.AssertionError" message="expected [vtiger CRM 5 - Commercial Open Source CRM] but found [Administrator - Home - vtiger CRM 5 - Commercial Open Source CRM]">
      <![CDATA[java.lang.AssertionError: expected [vtiger CRM 5 - Commercial Open Source CRM] but found [Administrator - Home - vtiger CRM 5 - Commercial Open Source CRM]
at com.practice.testcases.LoginPageTest.verifyHomePageTitle(LoginPageTest.java:35)
... Removed 31 stack frames]]>
    </failure>
  </testcase> <!-- verifyHomePageTitle -->
  <testcase name="verifyHomePageTitle" time="4.022" classname="com.practice.testcases.HomePageTest"/>
  <testcase name="CalendarPageTest" time="5.402" classname="com.practice.testcases.HomePageTest"/>
  <testcase name="verifyCalendarPageTitle" time="0.0" classname="com.practice.testcases.HomePageTest">
    <failure type="java.lang.AssertionError" message="expected [Administrator - Home - vtiger CRM 5 - Commercial Open Source CRM] but found [Administrator - Calendar - vtiger CRM 5 - Commercial Open Source CRM]">
      <![CDATA[java.lang.AssertionError: expected [Administrator - Home - vtiger CRM 5 - Commercial Open Source CRM] but found [Administrator - Calendar - vtiger CRM 5 - Commercial Open Source CRM]
at com.practice.testcases.HomePageTest.verifyCalendarPageTitle(HomePageTest.java:73)
... Removed 31 stack frames]]>
    </failure>
  </testcase> <!-- verifyCalendarPageTitle -->
  <testcase name="orgPageTest" time="5.659" classname="com.practice.testcases.HomePageTest"/>
  <testcase name="verifyOrgPageTitle" time="0.027" classname="com.practice.testcases.HomePageTest"/>
  <testcase name="contactsPageTest" time="3.324" classname="com.practice.testcases.HomePageTest"/>
  <testcase name="verifyContactsPageTitle" time="0.011" classname="com.practice.testcases.HomePageTest"/>
  <testcase name="opportunitiesPageTest" time="3.422" classname="com.practice.testcases.HomePageTest"/>
  <testcase name="verifyOppoPageTitle" time="0.062" classname="com.practice.testcases.HomePageTest"/>
  <testcase name="productsPageTest" time="3.211" classname="com.practice.testcases.HomePageTest"/>
  <testcase name="verifyProductsPageTitle" time="0.016" classname="com.practice.testcases.HomePageTest"/>
  <testcase name="documentsPageTest" time="3.111" classname="com.practice.testcases.HomePageTest"/>
  <testcase name="verifyDocumentsPagetitle" time="0.033" classname="com.practice.testcases.HomePageTest"/>
  <testcase name="dashboardPageTest" time="5.263" classname="com.practice.testcases.HomePageTest"/>
  <testcase name="verifyDashboardPageTitle" time="0.0" classname="com.practice.testcases.HomePageTest">
    <failure type="java.lang.AssertionError" message="expected [Administrator - Documents - vtiger CRM 5 - Commercial Open Source CRM] but found [Administrator - Dashboards - vtiger CRM 5 - Commercial Open Source CRM]">
      <![CDATA[java.lang.AssertionError: expected [Administrator - Documents - vtiger CRM 5 - Commercial Open Source CRM] but found [Administrator - Dashboards - vtiger CRM 5 - Commercial Open Source CRM]
at com.practice.testcases.HomePageTest.verifyDashboardPageTitle(HomePageTest.java:145)
... Removed 31 stack frames]]>
    </failure>
  </testcase> <!-- verifyDashboardPageTitle -->
  <testcase name="@BeforeSuite beforeSuite" time="0.0" classname="com.practice.master.Master">
    <ignored/>
  </testcase> <!-- @BeforeSuite beforeSuite -->
</testsuite> <!-- Test -->
